[INFO] Scanning for projects...
[INFO] 
[INFO] ----------------------< co.edu.unbosque:horarios >----------------------
[INFO] Building horarios 1.0.0
[INFO]   from pom.xml
[INFO] --------------------------------[ jar ]---------------------------------
[INFO] 
[INFO] >>> spring-boot:3.2.5:run (default-cli) > test-compile @ horarios >>>
[INFO] 
[INFO] --- resources:3.3.1:resources (default-resources) @ horarios ---
[INFO] Copying 3 resources from src\main\resources to target\classes
[INFO] Copying 0 resource from src\main\resources to target\classes
[INFO] 
[INFO] --- compiler:3.11.0:compile (default-compile) @ horarios ---
[INFO] Nothing to compile - all classes are up to date
[INFO] 
[INFO] --- resources:3.3.1:testResources (default-testResources) @ horarios ---
[INFO] skip non existing resourceDirectory D:\ProyectoNucleo\backend\src\test\resources
[INFO] 
[INFO] --- compiler:3.11.0:testCompile (default-testCompile) @ horarios ---
[INFO] Nothing to compile - all classes are up to date
[INFO] 
[INFO] <<< spring-boot:3.2.5:run (default-cli) < test-compile @ horarios <<<
[INFO] 
[INFO] 
[INFO] --- spring-boot:3.2.5:run (default-cli) @ horarios ---
[INFO] Attaching agents: []

  .   ____          _            __ _ _
 /\\ / ___'_ __ _ _(_)_ __  __ _ \ \ \ \
( ( )\___ | '_ | '_| | '_ \/ _` | \ \ \ \
 \\/  ___)| |_)| | | | | || (_| |  ) ) ) )
  '  |____| .__|_| |_|_| |_\__, | / / / /
 =========|_|==============|___/=/_/_/_/
 :: Spring Boot ::                (v3.2.5)

2026-04-29T23:38:02.584-05:00  INFO 13248 --- [           main] c.e.u.horarios.HorariosApplication       : Starting HorariosApplication using Java 23.0.2 with PID 13248 (D:\ProyectoNucleo\backend\target\classes started by Usuario in D:\ProyectoNucleo\backend)
2026-04-29T23:38:02.588-05:00 DEBUG 13248 --- [           main] c.e.u.horarios.HorariosApplication       : Running with Spring Boot v3.2.5, Spring v6.1.6
2026-04-29T23:38:02.588-05:00  INFO 13248 --- [           main] c.e.u.horarios.HorariosApplication       : The following 1 profile is active: "dev"
2026-04-29T23:38:03.224-05:00  INFO 13248 --- [           main] .s.d.r.c.RepositoryConfigurationDelegate : Bootstrapping Spring Data JPA repositories in DEFAULT mode.
2026-04-29T23:38:03.304-05:00  INFO 13248 --- [           main] .s.d.r.c.RepositoryConfigurationDelegate : Finished Spring Data repository scanning in 74 ms. Found 12 JPA repository interfaces.
2026-04-29T23:38:03.789-05:00  INFO 13248 --- [           main] o.s.b.w.embedded.tomcat.TomcatWebServer  : Tomcat initialized with port 8080 (http)
2026-04-29T23:38:03.799-05:00  INFO 13248 --- [           main] o.apache.catalina.core.StandardService   : Starting service [Tomcat]
2026-04-29T23:38:03.799-05:00  INFO 13248 --- [           main] o.apache.catalina.core.StandardEngine    : Starting Servlet engine: [Apache Tomcat/10.1.20]
2026-04-29T23:38:03.852-05:00  INFO 13248 --- [           main] o.a.c.c.C.[Tomcat].[localhost].[/]       : Initializing Spring embedded WebApplicationContext
2026-04-29T23:38:03.853-05:00  INFO 13248 --- [           main] w.s.c.ServletWebServerApplicationContext : Root WebApplicationContext: initialization completed in 1222 ms
2026-04-29T23:38:03.961-05:00  INFO 13248 --- [           main] o.hibernate.jpa.internal.util.LogHelper  : HHH000204: Processing PersistenceUnitInfo [name: default]
2026-04-29T23:38:04.009-05:00  INFO 13248 --- [           main] org.hibernate.Version                    : HHH000412: Hibernate ORM core version 6.4.4.Final
2026-04-29T23:38:04.045-05:00  INFO 13248 --- [           main] o.h.c.internal.RegionFactoryInitiator    : HHH000026: Second-level cache disabled
2026-04-29T23:38:04.232-05:00  INFO 13248 --- [           main] o.s.o.j.p.SpringPersistenceUnitInfo      : No LoadTimeWeaver setup: ignoring JPA class transformer
2026-04-29T23:38:04.256-05:00  INFO 13248 --- [           main] com.zaxxer.hikari.HikariDataSource       : HikariPool-1 - Starting...
2026-04-29T23:38:04.413-05:00  INFO 13248 --- [           main] com.zaxxer.hikari.pool.HikariPool        : HikariPool-1 - Added connection org.postgresql.jdbc.PgConnection@18e6b72b
2026-04-29T23:38:04.414-05:00  INFO 13248 --- [           main] com.zaxxer.hikari.HikariDataSource       : HikariPool-1 - Start completed.
2026-04-29T23:38:05.442-05:00  INFO 13248 --- [           main] o.h.e.t.j.p.i.JtaPlatformInitiator       : HHH000489: No JTA platform available (set 'hibernate.transaction.jta.platform' to enable JTA platform integration)
2026-04-29T23:38:05.483-05:00  INFO 13248 --- [           main] j.LocalContainerEntityManagerFactoryBean : Initialized JPA EntityManagerFactory for persistence unit 'default'
2026-04-29T23:38:05.741-05:00 DEBUG 13248 --- [           main] c.e.u.horarios.security.JwtAuthFilter    : Filter 'jwtAuthFilter' configured for use
2026-04-29T23:38:05.792-05:00  INFO 13248 --- [           main] o.s.d.j.r.query.QueryEnhancerFactory     : Hibernate is in classpath; If applicable, HQL parser will be used.
2026-04-29T23:38:06.689-05:00  INFO 13248 --- [           main] o.s.s.web.DefaultSecurityFilterChain     : Will secure any request with [org.springframework.security.web.session.DisableEncodeUrlFilter@1b1434ce, org.springframework.security.web.context.request.async.WebAsyncManagerIntegrationFilter@3b96ea23, org.springframework.security.web.context.SecurityContextHolderFilter@5304cee, org.springframework.security.web.header.HeaderWriterFilter@5c18ad5d, org.springframework.web.filter.CorsFilter@74c58f64, org.springframework.security.web.authentication.logout.LogoutFilter@3aede2ff, co.edu.unbosque.horarios.security.JwtAuthFilter@4131261, org.springframework.security.web.savedrequest.RequestCacheAwareFilter@685a3c14, org.springframework.security.web.servletapi.SecurityContextHolderAwareRequestFilter@4c2ad035, org.springframework.security.web.authentication.AnonymousAuthenticationFilter@65640109, org.springframework.security.web.session.SessionManagementFilter@3ffa424d, org.springframework.security.web.access.ExceptionTranslationFilter@2aaf7354, org.springframework.security.web.access.intercept.AuthorizationFilter@4bdd6fe0]
2026-04-29T23:38:06.948-05:00  INFO 13248 --- [           main] o.s.b.w.embedded.tomcat.TomcatWebServer  : Tomcat started on port 8080 (http) with context path ''
2026-04-29T23:38:06.950-05:00  INFO 13248 --- [           main] o.s.m.s.b.SimpleBrokerMessageHandler     : Starting...
2026-04-29T23:38:06.951-05:00  INFO 13248 --- [           main] o.s.m.s.b.SimpleBrokerMessageHandler     : BrokerAvailabilityEvent[available=true, SimpleBrokerMessageHandler [org.springframework.messaging.simp.broker.DefaultSubscriptionRegistry@37846cc2]]
2026-04-29T23:38:06.951-05:00  INFO 13248 --- [           main] o.s.m.s.b.SimpleBrokerMessageHandler     : Started.
2026-04-29T23:38:06.957-05:00  INFO 13248 --- [           main] c.e.u.horarios.HorariosApplication       : Started HorariosApplication in 4.716 seconds (process running for 5.068)
2026-04-29T23:38:32.401-05:00  INFO 13248 --- [nio-8080-exec-1] o.a.c.c.C.[Tomcat].[localhost].[/]       : Initializing Spring DispatcherServlet 'dispatcherServlet'
2026-04-29T23:38:32.401-05:00  INFO 13248 --- [nio-8080-exec-1] o.s.web.servlet.DispatcherServlet        : Initializing Servlet 'dispatcherServlet'
2026-04-29T23:38:32.402-05:00  INFO 13248 --- [nio-8080-exec-1] o.s.web.servlet.DispatcherServlet        : Completed initialization in 1 ms
2026-04-29T23:38:32.693-05:00 DEBUG 13248 --- [nio-8080-exec-1] org.hibernate.SQL                        : 
    select
        u1_0.usuario_id,
        u1_0.activo,
        u1_0.docente_id,
        u1_0.password,
        u1_0.rol,
        u1_0.username 
    from
        usuario u1_0 
    where
        u1_0.username=?
Hibernate: 
    select
        u1_0.usuario_id,
        u1_0.activo,
        u1_0.docente_id,
        u1_0.password,
        u1_0.rol,
        u1_0.username 
    from
        usuario u1_0 
    where
        u1_0.username=?
2026-04-29T23:39:06.943-05:00  INFO 13248 --- [MessageBroker-1] o.s.w.s.c.WebSocketMessageBrokerStats    : WebSocketSession[0 current WS(0)-HttpStream(0)-HttpPoll(0), 0 total, 0 closed abnormally (0 connect failure, 0 send limit, 0 transport error)], stompSubProtocol[processed CONNECT(0)-CONNECTED(0)-DISCONNECT(0)], stompBrokerRelay[null], inboundChannel[pool size = 0, active threads = 0, queued tasks = 0, completed tasks = 0], outboundChannel[pool size = 0, active threads = 0, queued tasks = 0, completed tasks = 0], sockJsScheduler[pool size = 1, active threads = 1, queued tasks = 0, completed tasks = 0]
^C